[debug] [2022-04-20T12:08:24.099Z] ----------------------------------------------------------------------
[debug] [2022-04-20T12:08:24.102Z] Command:       C:\Program Files\nodejs\node.exe C:\Users\Shravan Chenna\AppData\Roaming\npm\node_modules\firebase-tools\lib\bin\firebase.js init
[debug] [2022-04-20T12:08:24.103Z] CLI Version:   10.7.0
[debug] [2022-04-20T12:08:24.103Z] Platform:      win32
[debug] [2022-04-20T12:08:24.103Z] Node Version:  v14.15.5
[debug] [2022-04-20T12:08:24.104Z] Time:          Wed Apr 20 2022 17:38:24 GMT+0530 (India Standard Time)
[debug] [2022-04-20T12:08:24.105Z] ----------------------------------------------------------------------
[debug] 
[debug] [2022-04-20T12:08:24.247Z] > command requires scopes: ["email","openid","https://www.googleapis.com/auth/cloudplatformprojects.readonly","https://www.googleapis.com/auth/firebase","https://www.googleapis.com/auth/cloud-platform"]
[debug] [2022-04-20T12:08:24.248Z] > authorizing via signed-in user (shravanchenna6@gmail.com)
[info] 
     ######## #### ########  ######## ########     ###     ######  ########
     ##        ##  ##     ## ##       ##     ##  ##   ##  ##       ##
     ######    ##  ########  ######   ########  #########  ######  ######
     ##        ##  ##    ##  ##       ##     ## ##     ##       ## ##
     ##       #### ##     ## ######## ########  ##     ##  ######  ########

You're about to initialize a Firebase project in this directory:

  C:\Projects\manju\Appoinline\server

Before we get started, keep in mind:

  * You are currently outside your home directory
  * You are initializing within an existing Firebase project directory

[info] 
=== Project Setup
[info] 
[info] First, let's associate this project directory with a Firebase project.
[info] You can create multiple project aliases by running firebase use --add, 
[info] but for now we'll just set up a default project.
[info] 
[debug] [2022-04-20T12:09:18.278Z] Using project from CLI flag: appoinline-fc69a
[debug] [2022-04-20T12:09:18.282Z] > refreshing access token with scopes: []
[debug] [2022-04-20T12:09:18.283Z] >>> HTTP REQUEST POST https://www.googleapis.com/oauth2/v3/token  
 <request body omitted>
[debug] [2022-04-20T12:09:18.632Z] <<< HTTP RESPONSE 200 {"cache-control":"no-cache, no-store, max-age=0, must-revalidate","date":"Wed, 20 Apr 2022 12:09:20 GMT","pragma":"no-cache","expires":"Mon, 01 Jan 1990 00:00:00 GMT","content-type":"application/json; charset=utf-8","vary":"X-Origin, Referer, Origin,Accept-Encoding","server":"scaffolding on HTTPServer2","x-xss-protection":"0","x-frame-options":"SAMEORIGIN","x-content-type-options":"nosniff","alt-svc":"h3=\":443\"; ma=2592000,h3-29=\":443\"; ma=2592000,h3-Q050=\":443\"; ma=2592000,h3-Q046=\":443\"; ma=2592000,h3-Q043=\":443\"; ma=2592000,quic=\":443\"; ma=2592000; v=\"46,43\"","accept-ranges":"none","transfer-encoding":"chunked"}
[debug] [2022-04-20T12:09:18.681Z] >>> [apiv2][query] GET https://firebase.googleapis.com/v1beta1/projects/appoinline-fc69a [none]
[debug] [2022-04-20T12:09:19.177Z] <<< [apiv2][status] GET https://firebase.googleapis.com/v1beta1/projects/appoinline-fc69a 200
[debug] [2022-04-20T12:09:19.178Z] <<< [apiv2][body] GET https://firebase.googleapis.com/v1beta1/projects/appoinline-fc69a {"projectId":"appoinline-fc69a","projectNumber":"1039936813191","displayName":"Appoinline","name":"projects/appoinline-fc69a","resources":{"hostingSite":"appoinline-fc69a"},"state":"ACTIVE"}
[info] i  Using project appoinline-fc69a (Appoinline) 
[info] 
=== Hosting Setup
[info] 
[info] Your public directory is the folder (relative to your project directory) that
[info] will contain Hosting assets to be uploaded with firebase deploy. If you
[info] have a build process for your assets, use your build's output directory.
[info] 
